[2017-11-11T17:38:31.733+0100] [] [INFO] [NCLS-GFLAUNCHER-00005] [javax.enterprise.launcher] [tid: _ThreadID=1 _ThreadName=main] [timeMillis: 1510418311733] [levelValue: 800] [[
  JVM invocation command line:
/Library/Java/JavaVirtualMachines/jdk1.8.0_121.jdk/Contents/Home/bin/java
-cp
/Users/grazianomarallo/Server/glassfish4/glassfish/modules/glassfish.jar
-XX:+UnlockDiagnosticVMOptions
-XX:NewRatio=2
-XX:MaxPermSize=192m
-Xmx512m
-javaagent:/Users/grazianomarallo/Server/glassfish4/glassfish/lib/monitor/flashlight-agent.jar
-client
-Djavax.xml.accessExternalSchema=all
-Djavax.net.ssl.trustStore=/Users/grazianomarallo/Server/glassfish4/glassfish/domains/domain1/config/cacerts.jks
-Djdk.corba.allowOutputStreamSubclass=true
-Dfelix.fileinstall.dir=/Users/grazianomarallo/Server/glassfish4/glassfish/modules/autostart/
-Dorg.glassfish.additionalOSGiBundlesToStart=org.apache.felix.shell,org.apache.felix.gogo.runtime,org.apache.felix.gogo.shell,org.apache.felix.gogo.command,org.apache.felix.shell.remote,org.apache.felix.fileinstall
-Dcom.sun.aas.installRoot=/Users/grazianomarallo/Server/glassfish4/glassfish
-Dfelix.fileinstall.poll=5000
-Djava.endorsed.dirs=/Users/grazianomarallo/Server/glassfish4/glassfish/modules/endorsed:/Users/grazianomarallo/Server/glassfish4/glassfish/lib/endorsed
-Djava.security.policy=/Users/grazianomarallo/Server/glassfish4/glassfish/domains/domain1/config/server.policy
-Dosgi.shell.telnet.maxconn=1
-Dfelix.fileinstall.bundles.startTransient=true
-Dcom.sun.enterprise.config.config_environment_factory_class=com.sun.enterprise.config.serverbeans.AppserverConfigEnvironmentFactory
-Dfelix.fileinstall.log.level=2
-Djavax.net.ssl.keyStore=/Users/grazianomarallo/Server/glassfish4/glassfish/domains/domain1/config/keystore.jks
-Djava.security.auth.login.config=/Users/grazianomarallo/Server/glassfish4/glassfish/domains/domain1/config/login.conf
-Dfelix.fileinstall.disableConfigSave=false
-Dfelix.fileinstall.bundles.new.start=true
-Dcom.sun.aas.instanceRoot=/Users/grazianomarallo/Server/glassfish4/glassfish/domains/domain1
-Dosgi.shell.telnet.port=6666
-Dgosh.args=--nointeractive
-Dcom.sun.enterprise.security.httpsOutboundKeyAlias=s1as
-Dosgi.shell.telnet.ip=127.0.0.1
-DANTLR_USE_DIRECT_CLASS_LOADING=true
-Djava.awt.headless=true
-Dcom.ctc.wstx.returnNullForDefaultNamespace=true
-Djava.ext.dirs=/Library/Java/JavaVirtualMachines/jdk1.8.0_151.jdk/Contents/Home/lib/ext:/Library/Java/JavaVirtualMachines/jdk1.8.0_151.jdk/Contents/Home/jre/lib/ext:/Users/grazianomarallo/Server/glassfish4/glassfish/domains/domain1/lib/ext
-Djdbc.drivers=org.apache.derby.jdbc.ClientDriver
-Djava.library.path=/Users/grazianomarallo/Server/glassfish4/glassfish/lib:/Users/grazianomarallo/Library/Java/Extensions:/Library/Java/Extensions:/Network/Library/Java/Extensions:/System/Library/Java/Extensions:/usr/lib/java:/Users/grazianomarallo/Server/glassfish4/glassfish/bin
com.sun.enterprise.glassfish.bootstrap.ASMain
-upgrade
false
-domaindir
/Users/grazianomarallo/Server/glassfish4/glassfish/domains/domain1
-read-stdin
true
-asadmin-args
--host,,,localhost,,,--port,,,4848,,,--secure=false,,,--terse=false,,,--echo=false,,,--interactive=false,,,start-domain,,,--verbose=false,,,--watchdog=false,,,--debug=false,,,--domaindir,,,/Users/grazianomarallo/Server/glassfish4/glassfish/domains,,,domain1
-domainname
domain1
-instancename
server
-type
DAS
-verbose
false
-asadmin-classpath
/Users/grazianomarallo/Server/glassfish4/glassfish/lib/client/appserver-cli.jar
-debug
false
-asadmin-classname
com.sun.enterprise.admin.cli.AdminMain]]

[2017-11-11T17:39:19.856+0100] [glassfish 4.1] [INFO] [NCLS-LOGGING-00009] [javax.enterprise.logging] [tid: _ThreadID=17 _ThreadName=RunLevelControllerThread-1510418359617] [timeMillis: 1510418359856] [levelValue: 800] [[
  Running GlassFish Version: GlassFish Server Open Source Edition  4.1.2  (build 1)]]

[2017-11-11T17:39:19.862+0100] [glassfish 4.1] [INFO] [NCLS-LOGGING-00010] [javax.enterprise.logging] [tid: _ThreadID=17 _ThreadName=RunLevelControllerThread-1510418359617] [timeMillis: 1510418359862] [levelValue: 800] [[
  Server log file is using Formatter class: com.sun.enterprise.server.logging.ODLLogFormatter]]

[2017-11-11T17:39:20.060+0100] [glassfish 4.1] [INFO] [NCLS-SECURITY-01115] [javax.enterprise.system.core.security] [tid: _ThreadID=18 _ThreadName=RunLevelControllerThread-1510418359634] [timeMillis: 1510418360060] [levelValue: 800] [[
  Realm [admin-realm] of classtype [com.sun.enterprise.security.auth.realm.file.FileRealm] successfully created.]]

[2017-11-11T17:39:20.063+0100] [glassfish 4.1] [INFO] [NCLS-SECURITY-01115] [javax.enterprise.system.core.security] [tid: _ThreadID=18 _ThreadName=RunLevelControllerThread-1510418359634] [timeMillis: 1510418360063] [levelValue: 800] [[
  Realm [file] of classtype [com.sun.enterprise.security.auth.realm.file.FileRealm] successfully created.]]

[2017-11-11T17:39:20.068+0100] [glassfish 4.1] [INFO] [NCLS-SECURITY-01115] [javax.enterprise.system.core.security] [tid: _ThreadID=18 _ThreadName=RunLevelControllerThread-1510418359634] [timeMillis: 1510418360068] [levelValue: 800] [[
  Realm [certificate] of classtype [com.sun.enterprise.security.auth.realm.certificate.CertificateRealm] successfully created.]]

[2017-11-11T17:39:20.209+0100] [glassfish 4.1] [INFO] [] [org.hibernate.validator.internal.util.Version] [tid: _ThreadID=19 _ThreadName=RunLevelControllerThread-1510418359634] [timeMillis: 1510418360209] [levelValue: 800] [[
  HV000001: Hibernate Validator 5.1.2.Final]]

[2017-11-11T17:39:20.296+0100] [glassfish 4.1] [INFO] [SEC-SVCS-00100] [javax.enterprise.security.services] [tid: _ThreadID=17 _ThreadName=RunLevelControllerThread-1510418359617] [timeMillis: 1510418360296] [levelValue: 800] [[
  Authorization Service has successfully initialized.]]

[2017-11-11T17:39:20.646+0100] [glassfish 4.1] [INFO] [] [org.glassfish.ha.store.spi.BackingStoreFactoryRegistry] [tid: _ThreadID=18 _ThreadName=RunLevelControllerThread-1510418359634] [timeMillis: 1510418360646] [levelValue: 800] [[
  Registered org.glassfish.ha.store.adapter.cache.ShoalBackingStoreProxy for persistence-type = replicated in BackingStoreFactoryRegistry]]

[2017-11-11T17:39:20.697+0100] [glassfish 4.1] [WARNING] [] [org.glassfish.grizzly.config.Utils] [tid: _ThreadID=16 _ThreadName=RunLevelControllerThread-1510418359615] [timeMillis: 1510418360697] [levelValue: 900] [[
  Instance could not be initialized. Class=interface org.glassfish.grizzly.http.server.AddOn, name=http-listener-1, realClassName=org.glassfish.grizzly.http2.Http2AddOn]]

[2017-11-11T17:39:20.921+0100] [glassfish 4.1] [INFO] [NCLS-CORE-00087] [javax.enterprise.system.core] [tid: _ThreadID=16 _ThreadName=RunLevelControllerThread-1510418359615] [timeMillis: 1510418360921] [levelValue: 800] [[
  Grizzly Framework 2.3.23 started in: 136ms - bound to [/0.0.0.0:8080]]]

[2017-11-11T17:39:20.957+0100] [glassfish 4.1] [WARNING] [] [org.glassfish.grizzly.config.Utils] [tid: _ThreadID=16 _ThreadName=RunLevelControllerThread-1510418359615] [timeMillis: 1510418360957] [levelValue: 900] [[
  Instance could not be initialized. Class=interface org.glassfish.grizzly.http.server.AddOn, name=http-listener-2, realClassName=org.glassfish.grizzly.http2.Http2AddOn]]

[2017-11-11T17:39:20.963+0100] [glassfish 4.1] [INFO] [NCLS-CORE-00087] [javax.enterprise.system.core] [tid: _ThreadID=16 _ThreadName=RunLevelControllerThread-1510418359615] [timeMillis: 1510418360963] [levelValue: 800] [[
  Grizzly Framework 2.3.23 started in: 1ms - bound to [/0.0.0.0:8181]]]

[2017-11-11T17:39:20.967+0100] [glassfish 4.1] [WARNING] [] [org.glassfish.grizzly.config.Utils] [tid: _ThreadID=16 _ThreadName=RunLevelControllerThread-1510418359615] [timeMillis: 1510418360967] [levelValue: 900] [[
  Instance could not be initialized. Class=interface org.glassfish.grizzly.http.server.AddOn, name=admin-listener, realClassName=org.glassfish.grizzly.http2.Http2AddOn]]

[2017-11-11T17:39:20.973+0100] [glassfish 4.1] [INFO] [NCLS-CORE-00087] [javax.enterprise.system.core] [tid: _ThreadID=16 _ThreadName=RunLevelControllerThread-1510418359615] [timeMillis: 1510418360973] [levelValue: 800] [[
  Grizzly Framework 2.3.23 started in: 1ms - bound to [/0.0.0.0:4848]]]

[2017-11-11T17:39:21.031+0100] [glassfish 4.1] [INFO] [NCLS-CORE-00087] [javax.enterprise.system.core] [tid: _ThreadID=18 _ThreadName=RunLevelControllerThread-1510418359634] [timeMillis: 1510418361031] [levelValue: 800] [[
  Grizzly Framework 2.3.23 started in: 1ms - bound to [/0.0.0.0:3700]]]

[2017-11-11T17:39:21.033+0100] [glassfish 4.1] [INFO] [NCLS-CORE-00017] [javax.enterprise.system.core] [tid: _ThreadID=1 _ThreadName=main] [timeMillis: 1510418361033] [levelValue: 800] [[
  GlassFish Server Open Source Edition  4.1.2  (1) startup time : Felix (37,069ms), startup services(1,428ms), total(38,497ms)]]

[2017-11-11T17:39:26.237+0100] [glassfish 4.1] [INFO] [jts.startup_msg] [javax.enterprise.system.core.transaction.com.sun.jts.CosTransactions] [tid: _ThreadID=18 _ThreadName=RunLevelControllerThread-1510418359634] [timeMillis: 1510418366237] [levelValue: 800] [[
  JTS5014: Recoverable JTS instance, serverId = [100]]]

[2017-11-11T17:39:31.530+0100] [glassfish 4.1] [INFO] [NCLS-CORE-00087] [javax.enterprise.system.core] [tid: _ThreadID=19 _ThreadName=RunLevelControllerThread-1510418359634] [timeMillis: 1510418371530] [levelValue: 800] [[
  Grizzly Framework 2.3.23 started in: 2ms - bound to [/0.0.0.0:7676]]]

[2017-11-11T17:39:31.532+0100] [glassfish 4.1] [INFO] [NCLS-BOOTSTRAP-00027] [javax.enterprise.bootstrap] [tid: _ThreadID=1 _ThreadName=main] [timeMillis: 1510418371532] [levelValue: 800] [[
  Registered com.sun.enterprise.glassfish.bootstrap.osgi.EmbeddedOSGiGlassFishImpl@64da6cbd as OSGi service registration: org.apache.felix.framework.ServiceRegistrationImpl@6e31d989.]]

[2017-11-11T17:39:41.346+0100] [glassfish 4.1] [INFO] [NCLS-JMX-00005] [javax.enterprise.system.jmx] [tid: _ThreadID=59 _ThreadName=Thread-12] [timeMillis: 1510418381346] [levelValue: 800] [[
  JMXStartupService has started JMXConnector on JMXService URL service:jmx:rmi://localhost:8686/jndi/rmi://localhost:8686/jmxrmi]]

[2017-11-11T17:40:02.458+0100] [glassfish 4.1] [INFO] [] [javax.enterprise.system.tools.deployment.common] [tid: _ThreadID=52 _ThreadName=admin-listener(3)] [timeMillis: 1510418402458] [levelValue: 800] [[
  visiting unvisited references]]

[2017-11-11T17:40:03.087+0100] [glassfish 4.1] [INFO] [NCLS-SECURITY-01002] [javax.enterprise.system.core.security] [tid: _ThreadID=52 _ThreadName=admin-listener(3)] [timeMillis: 1510418403087] [levelValue: 800] [[
  Java security manager is disabled.]]

[2017-11-11T17:40:03.087+0100] [glassfish 4.1] [INFO] [NCLS-SECURITY-01010] [javax.enterprise.system.core.security] [tid: _ThreadID=52 _ThreadName=admin-listener(3)] [timeMillis: 1510418403087] [levelValue: 800] [[
  Entering Security Startup Service.]]

[2017-11-11T17:40:03.094+0100] [glassfish 4.1] [INFO] [NCLS-SECURITY-01143] [javax.enterprise.system.core.security] [tid: _ThreadID=52 _ThreadName=admin-listener(3)] [timeMillis: 1510418403094] [levelValue: 800] [[
  Loading policy provider com.sun.enterprise.security.provider.PolicyWrapper.]]

[2017-11-11T17:40:03.164+0100] [glassfish 4.1] [INFO] [NCLS-SECURITY-01011] [javax.enterprise.system.core.security] [tid: _ThreadID=52 _ThreadName=admin-listener(3)] [timeMillis: 1510418403164] [levelValue: 800] [[
  Security Service(s) started successfully.]]

[2017-11-11T17:40:03.609+0100] [glassfish 4.1] [INFO] [AS-WEB-GLUE-00198] [javax.enterprise.web] [tid: _ThreadID=52 _ThreadName=admin-listener(3)] [timeMillis: 1510418403609] [levelValue: 800] [[
  Created HTTP listener http-listener-1 on host/port 0.0.0.0:8080]]

[2017-11-11T17:40:03.626+0100] [glassfish 4.1] [INFO] [AS-WEB-GLUE-00198] [javax.enterprise.web] [tid: _ThreadID=52 _ThreadName=admin-listener(3)] [timeMillis: 1510418403626] [levelValue: 800] [[
  Created HTTP listener http-listener-2 on host/port 0.0.0.0:8181]]

[2017-11-11T17:40:03.631+0100] [glassfish 4.1] [INFO] [AS-WEB-GLUE-00198] [javax.enterprise.web] [tid: _ThreadID=52 _ThreadName=admin-listener(3)] [timeMillis: 1510418403631] [levelValue: 800] [[
  Created HTTP listener admin-listener on host/port 0.0.0.0:4848]]

[2017-11-11T17:40:03.664+0100] [glassfish 4.1] [INFO] [AS-WEB-GLUE-00200] [javax.enterprise.web] [tid: _ThreadID=52 _ThreadName=admin-listener(3)] [timeMillis: 1510418403664] [levelValue: 800] [[
  Created virtual server server]]

[2017-11-11T17:40:03.668+0100] [glassfish 4.1] [INFO] [AS-WEB-GLUE-00200] [javax.enterprise.web] [tid: _ThreadID=52 _ThreadName=admin-listener(3)] [timeMillis: 1510418403668] [levelValue: 800] [[
  Created virtual server __asadmin]]

[2017-11-11T17:40:03.951+0100] [glassfish 4.1] [INFO] [AS-WEB-CORE-00306] [javax.enterprise.web.core] [tid: _ThreadID=52 _ThreadName=admin-listener(3)] [timeMillis: 1510418403951] [levelValue: 800] [[
  Setting JAAS app name glassfish-web]]

[2017-11-11T17:40:03.952+0100] [glassfish 4.1] [INFO] [AS-WEB-GLUE-00201] [javax.enterprise.web] [tid: _ThreadID=52 _ThreadName=admin-listener(3)] [timeMillis: 1510418403952] [levelValue: 800] [[
  Virtual server server loaded default web module ]]

[2017-11-11T17:40:09.911+0100] [glassfish 4.1] [INFO] [] [javax.enterprise.system.tools.deployment.common] [tid: _ThreadID=52 _ThreadName=admin-listener(3)] [timeMillis: 1510418409911] [levelValue: 800] [[
  visiting unvisited references]]

[2017-11-11T17:40:09.917+0100] [glassfish 4.1] [INFO] [] [javax.enterprise.system.tools.deployment.common] [tid: _ThreadID=52 _ThreadName=admin-listener(3)] [timeMillis: 1510418409917] [levelValue: 800] [[
  visiting unvisited references]]

[2017-11-11T17:40:11.479+0100] [glassfish 4.1] [INFO] [AS-WEB-GLUE-00172] [javax.enterprise.web] [tid: _ThreadID=52 _ThreadName=admin-listener(3)] [timeMillis: 1510418411479] [levelValue: 800] [[
  Loading application [RestfulService_war_exploded] at [/RestfulService_war_exploded]]]

[2017-11-11T17:40:11.584+0100] [glassfish 4.1] [INFO] [] [javax.enterprise.system.core] [tid: _ThreadID=52 _ThreadName=admin-listener(3)] [timeMillis: 1510418411584] [levelValue: 800] [[
  RestfulService_war_exploded was successfully deployed in 9,511 milliseconds.]]

[2017-11-11T18:13:26.491+0100] [glassfish 4.1] [INFO] [NCLS-REST-00001] [javax.enterprise.admin.rest] [tid: _ThreadID=53 _ThreadName=admin-listener(4)] [timeMillis: 1510420406491] [levelValue: 800] [[
  Listening to REST requests at context: /command/domain.]]

[2017-11-11T18:13:26.702+0100] [glassfish 4.1] [INFO] [NCLS-CORE-00092] [javax.enterprise.system.core] [tid: _ThreadID=125 _ThreadName=Thread-30] [timeMillis: 1510420406702] [levelValue: 800] [[
  Server shutdown initiated]]

[2017-11-11T18:13:26.721+0100] [glassfish 4.1] [INFO] [NCLS-BOOTSTRAP-00028] [javax.enterprise.bootstrap] [tid: _ThreadID=125 _ThreadName=Thread-30] [timeMillis: 1510420406721] [levelValue: 800] [[
  Unregistered com.sun.enterprise.glassfish.bootstrap.osgi.EmbeddedOSGiGlassFishImpl@64da6cbd from service registry.]]

[2017-11-11T18:13:26.723+0100] [glassfish 4.1] [INFO] [] [] [tid: _ThreadID=125 _ThreadName=Thread-8] [timeMillis: 1510420406723] [levelValue: 800] [[
  FileMonitoring shutdown]]

[2017-11-11T18:13:26.728+0100] [glassfish 4.1] [INFO] [NCLS-JMX-00002] [javax.enterprise.system.jmx] [tid: _ThreadID=125 _ThreadName=Thread-30] [timeMillis: 1510420406728] [levelValue: 800] [[
  JMXStartupService: Stopped JMXConnectorServer: null]]

[2017-11-11T18:13:26.729+0100] [glassfish 4.1] [INFO] [NCLS-JMX-00001] [javax.enterprise.system.jmx] [tid: _ThreadID=125 _ThreadName=Thread-30] [timeMillis: 1510420406729] [levelValue: 800] [[
  JMXStartupService and JMXConnectors have been shut down.]]

[2017-11-11T18:13:26.807+0100] [glassfish 4.1] [INFO] [] [] [tid: _ThreadID=130 _ThreadName=Thread-8] [timeMillis: 1510420406807] [levelValue: 800] [[
  JdbcRuntimeExtension,  getAllSystemRAResourcesAndPools = [GlassFishConfigBean.org.glassfish.jdbc.config.JdbcResource, GlassFishConfigBean.org.glassfish.jdbc.config.JdbcResource, GlassFishConfigBean.org.glassfish.jdbc.config.JdbcConnectionPool, GlassFishConfigBean.org.glassfish.jdbc.config.JdbcConnectionPool]]]

[2017-11-11T18:19:53.191+0100] [] [INFO] [NCLS-GFLAUNCHER-00005] [javax.enterprise.launcher] [tid: _ThreadID=1 _ThreadName=main] [timeMillis: 1510420793191] [levelValue: 800] [[
  JVM invocation command line:
/Library/Java/JavaVirtualMachines/jdk1.8.0_121.jdk/Contents/Home/bin/java
-cp
/Users/grazianomarallo/Desktop/HelloBot/HelloBot_Hermes/glassfish4/glassfish/modules/glassfish.jar
-XX:+UnlockDiagnosticVMOptions
-XX:NewRatio=2
-XX:MaxPermSize=192m
-Xmx512m
-client
-javaagent:/Users/grazianomarallo/Desktop/HelloBot/HelloBot_Hermes/glassfish4/glassfish/lib/monitor/flashlight-agent.jar
-Djavax.xml.accessExternalSchema=all
-Djavax.net.ssl.trustStore=/Users/grazianomarallo/Desktop/HelloBot/HelloBot_Hermes/glassfish4/glassfish/domains/domain1/config/cacerts.jks
-Djdk.corba.allowOutputStreamSubclass=true
-Dfelix.fileinstall.dir=/Users/grazianomarallo/Desktop/HelloBot/HelloBot_Hermes/glassfish4/glassfish/modules/autostart/
-Dorg.glassfish.additionalOSGiBundlesToStart=org.apache.felix.shell,org.apache.felix.gogo.runtime,org.apache.felix.gogo.shell,org.apache.felix.gogo.command,org.apache.felix.shell.remote,org.apache.felix.fileinstall
-Dcom.sun.aas.installRoot=/Users/grazianomarallo/Desktop/HelloBot/HelloBot_Hermes/glassfish4/glassfish
-Dfelix.fileinstall.poll=5000
-Djava.endorsed.dirs=/Users/grazianomarallo/Desktop/HelloBot/HelloBot_Hermes/glassfish4/glassfish/modules/endorsed:/Users/grazianomarallo/Desktop/HelloBot/HelloBot_Hermes/glassfish4/glassfish/lib/endorsed
-Djava.security.policy=/Users/grazianomarallo/Desktop/HelloBot/HelloBot_Hermes/glassfish4/glassfish/domains/domain1/config/server.policy
-Dosgi.shell.telnet.maxconn=1
-Dfelix.fileinstall.bundles.startTransient=true
-Dcom.sun.enterprise.config.config_environment_factory_class=com.sun.enterprise.config.serverbeans.AppserverConfigEnvironmentFactory
-Dfelix.fileinstall.log.level=2
-Djavax.net.ssl.keyStore=/Users/grazianomarallo/Desktop/HelloBot/HelloBot_Hermes/glassfish4/glassfish/domains/domain1/config/keystore.jks
-Djava.security.auth.login.config=/Users/grazianomarallo/Desktop/HelloBot/HelloBot_Hermes/glassfish4/glassfish/domains/domain1/config/login.conf
-Dfelix.fileinstall.disableConfigSave=false
-Dfelix.fileinstall.bundles.new.start=true
-Dcom.sun.aas.instanceRoot=/Users/grazianomarallo/Desktop/HelloBot/HelloBot_Hermes/glassfish4/glassfish/domains/domain1
-Dosgi.shell.telnet.port=6666
-Dgosh.args=--nointeractive
-Dcom.sun.enterprise.security.httpsOutboundKeyAlias=s1as
-Dosgi.shell.telnet.ip=127.0.0.1
-DANTLR_USE_DIRECT_CLASS_LOADING=true
-Djava.awt.headless=true
-Dcom.ctc.wstx.returnNullForDefaultNamespace=true
-Djava.ext.dirs=/Library/Java/JavaVirtualMachines/jdk1.8.0_151.jdk/Contents/Home/lib/ext:/Library/Java/JavaVirtualMachines/jdk1.8.0_151.jdk/Contents/Home/jre/lib/ext:/Users/grazianomarallo/Desktop/HelloBot/HelloBot_Hermes/glassfish4/glassfish/domains/domain1/lib/ext
-Djdbc.drivers=org.apache.derby.jdbc.ClientDriver
-Djava.library.path=/Users/grazianomarallo/Desktop/HelloBot/HelloBot_Hermes/glassfish4/glassfish/lib:/Users/grazianomarallo/Library/Java/Extensions:/Library/Java/Extensions:/Network/Library/Java/Extensions:/System/Library/Java/Extensions:/usr/lib/java:/Users/grazianomarallo/Desktop/HelloBot/HelloBot_Hermes/glassfish4/glassfish/bin
com.sun.enterprise.glassfish.bootstrap.ASMain
-upgrade
false
-domaindir
/Users/grazianomarallo/Desktop/HelloBot/HelloBot_Hermes/glassfish4/glassfish/domains/domain1
-read-stdin
true
-asadmin-args
--host,,,localhost,,,--port,,,4848,,,--secure=false,,,--terse=false,,,--echo=false,,,--interactive=false,,,start-domain,,,--verbose=false,,,--watchdog=false,,,--debug=false,,,--domaindir,,,/Users/grazianomarallo/Desktop/HelloBot/HelloBot_Hermes/glassfish4/glassfish/domains,,,domain1
-domainname
domain1
-instancename
server
-type
DAS
-verbose
false
-asadmin-classpath
/Users/grazianomarallo/Desktop/HelloBot/HelloBot_Hermes/glassfish4/glassfish/lib/client/appserver-cli.jar
-debug
false
-asadmin-classname
com.sun.enterprise.admin.cli.AdminMain]]

[2017-11-11T18:44:24.230+0100] [] [INFO] [NCLS-GFLAUNCHER-00005] [javax.enterprise.launcher] [tid: _ThreadID=1 _ThreadName=main] [timeMillis: 1510422264230] [levelValue: 800] [[
  JVM invocation command line:
/Library/Java/JavaVirtualMachines/jdk1.8.0_121.jdk/Contents/Home/bin/java
-cp
/Users/grazianomarallo/Git/HelloBot_Hermes/glassfish4/glassfish/modules/glassfish.jar
-XX:+UnlockDiagnosticVMOptions
-XX:NewRatio=2
-XX:MaxPermSize=192m
-Xmx512m
-javaagent:/Users/grazianomarallo/Git/HelloBot_Hermes/glassfish4/glassfish/lib/monitor/flashlight-agent.jar
-client
-Djavax.xml.accessExternalSchema=all
-Djavax.net.ssl.trustStore=/Users/grazianomarallo/Git/HelloBot_Hermes/glassfish4/glassfish/domains/domain1/config/cacerts.jks
-Djdk.corba.allowOutputStreamSubclass=true
-Dfelix.fileinstall.dir=/Users/grazianomarallo/Git/HelloBot_Hermes/glassfish4/glassfish/modules/autostart/
-Dorg.glassfish.additionalOSGiBundlesToStart=org.apache.felix.shell,org.apache.felix.gogo.runtime,org.apache.felix.gogo.shell,org.apache.felix.gogo.command,org.apache.felix.shell.remote,org.apache.felix.fileinstall
-Dcom.sun.aas.installRoot=/Users/grazianomarallo/Git/HelloBot_Hermes/glassfish4/glassfish
-Dfelix.fileinstall.poll=5000
-Djava.endorsed.dirs=/Users/grazianomarallo/Git/HelloBot_Hermes/glassfish4/glassfish/modules/endorsed:/Users/grazianomarallo/Git/HelloBot_Hermes/glassfish4/glassfish/lib/endorsed
-Djava.security.policy=/Users/grazianomarallo/Git/HelloBot_Hermes/glassfish4/glassfish/domains/domain1/config/server.policy
-Dosgi.shell.telnet.maxconn=1
-Dfelix.fileinstall.bundles.startTransient=true
-Dcom.sun.enterprise.config.config_environment_factory_class=com.sun.enterprise.config.serverbeans.AppserverConfigEnvironmentFactory
-Dfelix.fileinstall.log.level=2
-Djavax.net.ssl.keyStore=/Users/grazianomarallo/Git/HelloBot_Hermes/glassfish4/glassfish/domains/domain1/config/keystore.jks
-Djava.security.auth.login.config=/Users/grazianomarallo/Git/HelloBot_Hermes/glassfish4/glassfish/domains/domain1/config/login.conf
-Dfelix.fileinstall.disableConfigSave=false
-Dfelix.fileinstall.bundles.new.start=true
-Dcom.sun.aas.instanceRoot=/Users/grazianomarallo/Git/HelloBot_Hermes/glassfish4/glassfish/domains/domain1
-Dosgi.shell.telnet.port=6666
-Dgosh.args=--nointeractive
-Dcom.sun.enterprise.security.httpsOutboundKeyAlias=s1as
-Dosgi.shell.telnet.ip=127.0.0.1
-DANTLR_USE_DIRECT_CLASS_LOADING=true
-Djava.awt.headless=true
-Dcom.ctc.wstx.returnNullForDefaultNamespace=true
-Djava.ext.dirs=/Library/Java/JavaVirtualMachines/jdk1.8.0_151.jdk/Contents/Home/lib/ext:/Library/Java/JavaVirtualMachines/jdk1.8.0_151.jdk/Contents/Home/jre/lib/ext:/Users/grazianomarallo/Git/HelloBot_Hermes/glassfish4/glassfish/domains/domain1/lib/ext
-Djdbc.drivers=org.apache.derby.jdbc.ClientDriver
-Djava.library.path=/Users/grazianomarallo/Git/HelloBot_Hermes/glassfish4/glassfish/lib:/Users/grazianomarallo/Library/Java/Extensions:/Library/Java/Extensions:/Network/Library/Java/Extensions:/System/Library/Java/Extensions:/usr/lib/java:/Users/grazianomarallo/Git/HelloBot_Hermes/glassfish4/glassfish/bin
com.sun.enterprise.glassfish.bootstrap.ASMain
-upgrade
false
-domaindir
/Users/grazianomarallo/Git/HelloBot_Hermes/glassfish4/glassfish/domains/domain1
-read-stdin
true
-asadmin-args
--host,,,localhost,,,--port,,,4848,,,--secure=false,,,--terse=false,,,--echo=false,,,--interactive=false,,,start-domain,,,--verbose=false,,,--watchdog=false,,,--debug=false,,,--domaindir,,,/Users/grazianomarallo/Git/HelloBot_Hermes/glassfish4/glassfish/domains,,,domain1
-domainname
domain1
-instancename
server
-type
DAS
-verbose
false
-asadmin-classpath
/Users/grazianomarallo/Git/HelloBot_Hermes/glassfish4/glassfish/lib/client/appserver-cli.jar
-debug
false
-asadmin-classname
com.sun.enterprise.admin.cli.AdminMain]]

[2017-11-11T18:44:52.033+0100] [] [INFO] [NCLS-GFLAUNCHER-00005] [javax.enterprise.launcher] [tid: _ThreadID=1 _ThreadName=main] [timeMillis: 1510422292033] [levelValue: 800] [[
  JVM invocation command line:
/Library/Java/JavaVirtualMachines/jdk1.8.0_121.jdk/Contents/Home/bin/java
-cp
/Users/grazianomarallo/Git/HelloBot_Hermes/glassfish4/glassfish/modules/glassfish.jar
-XX:+UnlockDiagnosticVMOptions
-XX:NewRatio=2
-XX:MaxPermSize=192m
-Xmx512m
-javaagent:/Users/grazianomarallo/Git/HelloBot_Hermes/glassfish4/glassfish/lib/monitor/flashlight-agent.jar
-client
-Djavax.xml.accessExternalSchema=all
-Djavax.net.ssl.trustStore=/Users/grazianomarallo/Git/HelloBot_Hermes/glassfish4/glassfish/domains/domain1/config/cacerts.jks
-Djdk.corba.allowOutputStreamSubclass=true
-Dfelix.fileinstall.dir=/Users/grazianomarallo/Git/HelloBot_Hermes/glassfish4/glassfish/modules/autostart/
-Dorg.glassfish.additionalOSGiBundlesToStart=org.apache.felix.shell,org.apache.felix.gogo.runtime,org.apache.felix.gogo.shell,org.apache.felix.gogo.command,org.apache.felix.shell.remote,org.apache.felix.fileinstall
-Dcom.sun.aas.installRoot=/Users/grazianomarallo/Git/HelloBot_Hermes/glassfish4/glassfish
-Dfelix.fileinstall.poll=5000
-Djava.endorsed.dirs=/Users/grazianomarallo/Git/HelloBot_Hermes/glassfish4/glassfish/modules/endorsed:/Users/grazianomarallo/Git/HelloBot_Hermes/glassfish4/glassfish/lib/endorsed
-Djava.security.policy=/Users/grazianomarallo/Git/HelloBot_Hermes/glassfish4/glassfish/domains/domain1/config/server.policy
-Dosgi.shell.telnet.maxconn=1
-Dfelix.fileinstall.bundles.startTransient=true
-Dcom.sun.enterprise.config.config_environment_factory_class=com.sun.enterprise.config.serverbeans.AppserverConfigEnvironmentFactory
-Dfelix.fileinstall.log.level=2
-Djavax.net.ssl.keyStore=/Users/grazianomarallo/Git/HelloBot_Hermes/glassfish4/glassfish/domains/domain1/config/keystore.jks
-Djava.security.auth.login.config=/Users/grazianomarallo/Git/HelloBot_Hermes/glassfish4/glassfish/domains/domain1/config/login.conf
-Dfelix.fileinstall.disableConfigSave=false
-Dfelix.fileinstall.bundles.new.start=true
-Dcom.sun.aas.instanceRoot=/Users/grazianomarallo/Git/HelloBot_Hermes/glassfish4/glassfish/domains/domain1
-Dosgi.shell.telnet.port=6666
-Dgosh.args=--nointeractive
-Dcom.sun.enterprise.security.httpsOutboundKeyAlias=s1as
-Dosgi.shell.telnet.ip=127.0.0.1
-DANTLR_USE_DIRECT_CLASS_LOADING=true
-Djava.awt.headless=true
-Dcom.ctc.wstx.returnNullForDefaultNamespace=true
-Djava.ext.dirs=/Library/Java/JavaVirtualMachines/jdk1.8.0_151.jdk/Contents/Home/lib/ext:/Library/Java/JavaVirtualMachines/jdk1.8.0_151.jdk/Contents/Home/jre/lib/ext:/Users/grazianomarallo/Git/HelloBot_Hermes/glassfish4/glassfish/domains/domain1/lib/ext
-Djdbc.drivers=org.apache.derby.jdbc.ClientDriver
-Djava.library.path=/Users/grazianomarallo/Git/HelloBot_Hermes/glassfish4/glassfish/lib:/Users/grazianomarallo/Library/Java/Extensions:/Library/Java/Extensions:/Network/Library/Java/Extensions:/System/Library/Java/Extensions:/usr/lib/java:/Users/grazianomarallo/Git/HelloBot_Hermes/glassfish4/glassfish/bin
com.sun.enterprise.glassfish.bootstrap.ASMain
-upgrade
false
-domaindir
/Users/grazianomarallo/Git/HelloBot_Hermes/glassfish4/glassfish/domains/domain1
-read-stdin
true
-asadmin-args
--host,,,localhost,,,--port,,,4848,,,--secure=false,,,--terse=false,,,--echo=false,,,--interactive=false,,,start-domain,,,--verbose=false,,,--watchdog=false,,,--debug=false,,,--domaindir,,,/Users/grazianomarallo/Git/HelloBot_Hermes/glassfish4/glassfish/domains,,,domain1
-domainname
domain1
-instancename
server
-type
DAS
-verbose
false
-asadmin-classpath
/Users/grazianomarallo/Git/HelloBot_Hermes/glassfish4/glassfish/lib/client/appserver-cli.jar
-debug
false
-asadmin-classname
com.sun.enterprise.admin.cli.AdminMain]]

